[1003/174155.734:ERROR:process_memory_win.cc(73)] ReadMemory at 0x7ff675c80000 of 64 bytes failed: Only part of a ReadProcessMemory or WriteProcessMemory request was completed. (0x12B)
[1003/174155.757:WARNING:pe_image_reader.cc(340)] could not read dos header from C:\Program Files (x86)\Google\Chrome\Application\chrome.exe
[1003/174155.758:ERROR:process_memory_win.cc(73)] ReadMemory at 0x7ffc7f930000 of 64 bytes failed: Only part of a ReadProcessMemory or WriteProcessMemory request was completed. (0x12B)
[1003/174155.758:WARNING:pe_image_reader.cc(340)] could not read dos header from C:\WINDOWS\SYSTEM32\ntdll.dll
[1003/174155.758:ERROR:process_memory_win.cc(73)] ReadMemory at 0x7ffc7f050000 of 64 bytes failed: Only part of a ReadProcessMemory or WriteProcessMemory request was completed. (0x12B)
[1003/174155.758:WARNING:pe_image_reader.cc(340)] could not read dos header from C:\WINDOWS\System32\KERNEL32.DLL
[1003/174155.758:ERROR:process_memory_win.cc(73)] ReadMemory at 0x7ffc7d120000 of 64 bytes failed: Only part of a ReadProcessMemory or WriteProcessMemory request was completed. (0x12B)
[1003/174155.758:WARNING:pe_image_reader.cc(340)] could not read dos header from C:\WINDOWS\System32\KERNELBASE.dll
[1003/174155.758:ERROR:process_memory_win.cc(73)] ReadMemory at 0x7ffc578b0000 of 64 bytes failed: Only part of a ReadProcessMemory or WriteProcessMemory request was completed. (0x12B)
[1003/174155.758:WARNING:pe_image_reader.cc(340)] could not read dos header from C:\Program Files (x86)\Google\Chrome\Application\85.0.4183.121\chrome_elf.dll
[1003/174155.758:ERROR:process_memory_win.cc(73)] ReadMemory at 0x7ffc70e60000 of 64 bytes failed: Only part of a ReadProcessMemory or WriteProcessMemory request was completed. (0x12B)
[1003/174155.758:WARNING:pe_image_reader.cc(340)] could not read dos header from C:\WINDOWS\SYSTEM32\VERSION.dll
[1003/174155.759:ERROR:process_memory_win.cc(73)] ReadMemory at 0x7ffc7f530000 of 64 bytes failed: Only part of a ReadProcessMemory or WriteProcessMemory request was completed. (0x12B)
[1003/174155.759:WARNING:pe_image_reader.cc(340)] could not read dos header from C:\WINDOWS\System32\msvcrt.dll
[1003/174155.759:ERROR:process_memory_win.cc(73)] ReadMemory at 0x7ffc7f350000 of 64 bytes failed: Only part of a ReadProcessMemory or WriteProcessMemory request was completed. (0x12B)
[1003/174155.759:WARNING:pe_image_reader.cc(340)] could not read dos header from C:\WINDOWS\System32\ADVAPI32.dll
[1003/174155.759:ERROR:process_memory_win.cc(73)] ReadMemory at 0x7ffc7da40000 of 64 bytes failed: Only part of a ReadProcessMemory or WriteProcessMemory request was completed. (0x12B)
[1003/174155.759:WARNING:pe_image_reader.cc(340)] could not read dos header from C:\WINDOWS\System32\sechost.dll
[1003/174155.759:ERROR:process_memory_win.cc(73)] ReadMemory at 0x7ffc7f400000 of 64 bytes failed: Only part of a ReadProcessMemory or WriteProcessMemory request was completed. (0x12B)
[1003/174155.759:WARNING:pe_image_reader.cc(340)] could not read dos header from C:\WINDOWS\System32\RPCRT4.dll
[1003/174155.759:ERROR:process_memory_win.cc(73)] ReadMemory at 0x7ffc2edd0000 of 64 bytes failed: Only part of a ReadProcessMemory or WriteProcessMemory request was completed. (0x12B)
[1003/174155.759:WARNING:pe_image_reader.cc(340)] could not read dos header from C:\Program Files (x86)\Google\Chrome\Application\85.0.4183.121\chrome.dll
[1003/174155.759:ERROR:process_memory_win.cc(73)] ReadMemory at 0x7ffc7f740000 of 64 bytes failed: Only part of a ReadProcessMemory or WriteProcessMemory request was completed. (0x12B)
[1003/174155.759:WARNING:pe_image_reader.cc(340)] could not read dos header from C:\WINDOWS\System32\WS2_32.dll
[1003/174155.759:ERROR:process_memory_win.cc(73)] ReadMemory at 0x7ffc7db00000 of 64 bytes failed: Only part of a ReadProcessMemory or WriteProcessMemory request was completed. (0x12B)
[1003/174155.759:WARNING:pe_image_reader.cc(340)] could not read dos header from C:\WINDOWS\System32\OLEAUT32.dll
[1003/174155.759:ERROR:process_memory_win.cc(73)] ReadMemory at 0x7ffc7d7c0000 of 64 bytes failed: Only part of a ReadProcessMemory or WriteProcessMemory request was completed. (0x12B)
[1003/174155.759:WARNING:pe_image_reader.cc(340)] could not read dos header from C:\WINDOWS\System32\msvcp_win.dll
[1003/174155.759:ERROR:process_memory_win.cc(73)] ReadMemory at 0x7ffc7d890000 of 64 bytes failed: Only part of a ReadProcessMemory or WriteProcessMemory request was completed. (0x12B)
[1003/174155.759:WARNING:pe_image_reader.cc(340)] could not read dos header from C:\WINDOWS\System32\ucrtbase.dll
[1003/174155.759:ERROR:process_memory_win.cc(73)] ReadMemory at 0x7ffc7e880000 of 64 bytes failed: Only part of a ReadProcessMemory or WriteProcessMemory request was completed. (0x12B)
[1003/174155.759:WARNING:pe_image_reader.cc(340)] could not read dos header from C:\WINDOWS\System32\combase.dll
[1003/174155.759:ERROR:process_memory_win.cc(73)] ReadMemory at 0x7ffc7d760000 of 64 bytes failed: Only part of a ReadProcessMemory or WriteProcessMemory request was completed. (0x12B)
[1003/174155.759:WARNING:pe_image_reader.cc(340)] could not read dos header from C:\WINDOWS\System32\WINTRUST.dll
[1003/174155.760:ERROR:process_memory_win.cc(73)] ReadMemory at 0x7ffc7d5b0000 of 64 bytes failed: Only part of a ReadProcessMemory or WriteProcessMemory request was completed. (0x12B)
[1003/174155.760:WARNING:pe_image_reader.cc(340)] could not read dos header from C:\WINDOWS\System32\CRYPT32.dll
[1003/174155.760:ERROR:process_memory_win.cc(73)] ReadMemory at 0x7ffc7c480000 of 64 bytes failed: Only part of a ReadProcessMemory or WriteProcessMemory request was completed. (0x12B)
[1003/174155.760:WARNING:pe_image_reader.cc(340)] could not read dos header from C:\WINDOWS\SYSTEM32\IPHLPAPI.DLL
[1003/174155.760:ERROR:process_memory_win.cc(73)] ReadMemory at 0x7ffc72650000 of 64 bytes failed: Only part of a ReadProcessMemory or WriteProcessMemory request was completed. (0x12B)
[1003/174155.760:WARNING:pe_image_reader.cc(340)] could not read dos header from C:\WINDOWS\SYSTEM32\WINMM.dll
[1003/174155.760:ERROR:process_memory_win.cc(73)] ReadMemory at 0x7ffc55b60000 of 64 bytes failed: Only part of a ReadProcessMemory or WriteProcessMemory request was completed. (0x12B)
[1003/174155.760:WARNING:pe_image_reader.cc(340)] could not read dos header from C:\WINDOWS\SYSTEM32\UIAutomationCore.DLL
[1003/174155.760:ERROR:process_memory_win.cc(73)] ReadMemory at 0x7ffc6e4e0000 of 64 bytes failed: Only part of a ReadProcessMemory or WriteProcessMemory request was completed. (0x12B)
[1003/174155.760:WARNING:pe_image_reader.cc(340)] could not read dos header from C:\WINDOWS\SYSTEM32\Secur32.dll
[1003/174155.760:ERROR:process_memory_win.cc(73)] ReadMemory at 0x7ffc7cf20000 of 64 bytes failed: Only part of a ReadProcessMemory or WriteProcessMemory request was completed. (0x12B)
[1003/174155.760:WARNING:pe_image_reader.cc(340)] could not read dos header from C:\WINDOWS\SYSTEM32\USERENV.dll
[1003/174155.760:ERROR:process_memory_win.cc(73)] ReadMemory at 0x7ffc68d60000 of 64 bytes failed: Only part of a ReadProcessMemory or WriteProcessMemory request was completed. (0x12B)
[1003/174155.760:WARNING:pe_image_reader.cc(340)] could not read dos header from C:\WINDOWS\SYSTEM32\DWrite.dll
[1003/174155.760:ERROR:process_memory_win.cc(73)] ReadMemory at 0x7ffc6c890000 of 64 bytes failed: Only part of a ReadProcessMemory or WriteProcessMemory request was completed. (0x12B)
[1003/174155.760:WARNING:pe_image_reader.cc(340)] could not read dos header from C:\WINDOWS\SYSTEM32\WINSPOOL.DRV
[1003/174155.760:ERROR:process_memory_win.cc(73)] ReadMemory at 0x7ffc73820000 of 64 bytes failed: Only part of a ReadProcessMemory or WriteProcessMemory request was completed. (0x12B)
[1003/174155.760:WARNING:pe_image_reader.cc(340)] could not read dos header from C:\WINDOWS\SYSTEM32\dbghelp.dll
[1003/174155.760:ERROR:process_memory_win.cc(73)] ReadMemory at 0x7ffc74740000 of 64 bytes failed: Only part of a ReadProcessMemory or WriteProcessMemory request was completed. (0x12B)
[1003/174155.760:WARNING:pe_image_reader.cc(340)] could not read dos header from C:\WINDOWS\SYSTEM32\WINHTTP.dll
[1003/174155.760:ERROR:process_memory_win.cc(73)] ReadMemory at 0x7ffc75b10000 of 64 bytes failed: Only part of a ReadProcessMemory or WriteProcessMemory request was completed. (0x12B)
[1003/174155.760:WARNING:pe_image_reader.cc(340)] could not read dos header from C:\WINDOWS\SYSTEM32\dhcpcsvc.DLL
[1003/174155.760:ERROR:process_memory_win.cc(73)] ReadMemory at 0x7ffc79800000 of 64 bytes failed: Only part of a ReadProcessMemory or WriteProcessMemory request was completed. (0x12B)
[1003/174155.760:WARNING:pe_image_reader.cc(340)] could not read dos header from C:\WINDOWS\SYSTEM32\PROPSYS.dll
[1003/174155.760:ERROR:process_memory_win.cc(73)] ReadMemory at 0x7ffc7cf50000 of 64 bytes failed: Only part of a ReadProcessMemory or WriteProcessMemory request was completed. (0x12B)
[1003/174155.761:WARNING:pe_image_reader.cc(340)] could not read dos header from C:\WINDOWS\SYSTEM32\SSPICLI.DLL
[1003/174155.761:ERROR:process_memory_win.cc(73)] ReadMemory at 0x7ffc7cb90000 of 64 bytes failed: Only part of a ReadProcessMemory or WriteProcessMemory request was completed. (0x12B)
[1003/174155.761:WARNING:pe_image_reader.cc(340)] could not read dos header from C:\WINDOWS\System32\MSASN1.dll
[1003/174155.761:ERROR:process_memory_win.cc(73)] ReadMemory at 0x7ffc7d530000 of 64 bytes failed: Only part of a ReadProcessMemory or WriteProcessMemory request was completed. (0x12B)
[1003/174155.761:WARNING:pe_image_reader.cc(340)] could not read dos header from C:\WINDOWS\System32\bcryptPrimitives.dll
[1003/174155.761:ERROR:process_memory_win.cc(73)] ReadMemory at 0x7ffc7c980000 of 64 bytes failed: Only part of a ReadProcessMemory or WriteProcessMemory request was completed. (0x12B)
[1003/174155.761:WARNING:pe_image_reader.cc(340)] could not read dos header from C:\WINDOWS\SYSTEM32\CRYPTBASE.DLL
[1003/174157.345:ERROR:process_memory_win.cc(73)] ReadMemory at 0x7ff675c80000 of 64 bytes failed: Only part of a ReadProcessMemory or WriteProcessMemory request was completed. (0x12B)
[1003/174157.345:WARNING:pe_image_reader.cc(340)] could not read dos header from C:\Program Files (x86)\Google\Chrome\Application\chrome.exe
[1003/174157.345:ERROR:process_memory_win.cc(73)] ReadMemory at 0x7ffc7f930000 of 64 bytes failed: Only part of a ReadProcessMemory or WriteProcessMemory request was completed. (0x12B)
[1003/174157.345:WARNING:pe_image_reader.cc(340)] could not read dos header from C:\WINDOWS\SYSTEM32\ntdll.dll
[1003/174157.345:ERROR:process_memory_win.cc(73)] ReadMemory at 0x7ffc7f050000 of 64 bytes failed: Only part of a ReadProcessMemory or WriteProcessMemory request was completed. (0x12B)
[1003/174157.345:WARNING:pe_image_reader.cc(340)] could not read dos header from C:\WINDOWS\System32\KERNEL32.DLL
[1003/174157.345:ERROR:process_memory_win.cc(73)] ReadMemory at 0x7ffc7d120000 of 64 bytes failed: Only part of a ReadProcessMemory or WriteProcessMemory request was completed. (0x12B)
[1003/174157.345:WARNING:pe_image_reader.cc(340)] could not read dos header from C:\WINDOWS\System32\KERNELBASE.dll
[1003/174157.345:ERROR:process_memory_win.cc(73)] ReadMemory at 0x7ffc578b0000 of 64 bytes failed: Only part of a ReadProcessMemory or WriteProcessMemory request was completed. (0x12B)
[1003/174157.345:WARNING:pe_image_reader.cc(340)] could not read dos header from C:\Program Files (x86)\Google\Chrome\Application\85.0.4183.121\chrome_elf.dll
[1003/174157.345:ERROR:process_memory_win.cc(73)] ReadMemory at 0x7ffc70e60000 of 64 bytes failed: Only part of a ReadProcessMemory or WriteProcessMemory request was completed. (0x12B)
[1003/174157.345:WARNING:pe_image_reader.cc(340)] could not read dos header from C:\WINDOWS\SYSTEM32\VERSION.dll
[1003/174157.345:ERROR:process_memory_win.cc(73)] ReadMemory at 0x7ffc7f530000 of 64 bytes failed: Only part of a ReadProcessMemory or WriteProcessMemory request was completed. (0x12B)
[1003/174157.345:WARNING:pe_image_reader.cc(340)] could not read dos header from C:\WINDOWS\System32\msvcrt.dll
[1003/174157.345:ERROR:process_memory_win.cc(73)] ReadMemory at 0x7ffc7f350000 of 64 bytes failed: Only part of a ReadProcessMemory or WriteProcessMemory request was completed. (0x12B)
[1003/174157.345:WARNING:pe_image_reader.cc(340)] could not read dos header from C:\WINDOWS\System32\ADVAPI32.dll
[1003/174157.345:ERROR:process_memory_win.cc(73)] ReadMemory at 0x7ffc7da40000 of 64 bytes failed: Only part of a ReadProcessMemory or WriteProcessMemory request was completed. (0x12B)
[1003/174157.345:WARNING:pe_image_reader.cc(340)] could not read dos header from C:\WINDOWS\System32\sechost.dll
[1003/174157.346:ERROR:process_memory_win.cc(73)] ReadMemory at 0x7ffc7f400000 of 64 bytes failed: Only part of a ReadProcessMemory or WriteProcessMemory request was completed. (0x12B)
[1003/174157.346:WARNING:pe_image_reader.cc(340)] could not read dos header from C:\WINDOWS\System32\RPCRT4.dll
[1003/174157.346:ERROR:process_memory_win.cc(73)] ReadMemory at 0x7ffc2edd0000 of 64 bytes failed: Only part of a ReadProcessMemory or WriteProcessMemory request was completed. (0x12B)
[1003/174157.346:WARNING:pe_image_reader.cc(340)] could not read dos header from C:\Program Files (x86)\Google\Chrome\Application\85.0.4183.121\chrome.dll
[1003/174157.346:ERROR:process_memory_win.cc(73)] ReadMemory at 0x7ffc7f740000 of 64 bytes failed: Only part of a ReadProcessMemory or WriteProcessMemory request was completed. (0x12B)
[1003/174157.346:WARNING:pe_image_reader.cc(340)] could not read dos header from C:\WINDOWS\System32\WS2_32.dll
[1003/174157.346:ERROR:process_memory_win.cc(73)] ReadMemory at 0x7ffc7db00000 of 64 bytes failed: Only part of a ReadProcessMemory or WriteProcessMemory request was completed. (0x12B)
[1003/174157.346:WARNING:pe_image_reader.cc(340)] could not read dos header from C:\WINDOWS\System32\OLEAUT32.dll
[1003/174157.346:ERROR:process_memory_win.cc(73)] ReadMemory at 0x7ffc7d7c0000 of 64 bytes failed: Only part of a ReadProcessMemory or WriteProcessMemory request was completed. (0x12B)
[1003/174157.346:WARNING:pe_image_reader.cc(340)] could not read dos header from C:\WINDOWS\System32\msvcp_win.dll
[1003/174157.346:ERROR:process_memory_win.cc(73)] ReadMemory at 0x7ffc7d890000 of 64 bytes failed: Only part of a ReadProcessMemory or WriteProcessMemory request was completed. (0x12B)
[1003/174157.346:WARNING:pe_image_reader.cc(340)] could not read dos header from C:\WINDOWS\System32\ucrtbase.dll
[1003/174157.346:ERROR:process_memory_win.cc(73)] ReadMemory at 0x7ffc7e880000 of 64 bytes failed: Only part of a ReadProcessMemory or WriteProcessMemory request was completed. (0x12B)
[1003/174157.346:WARNING:pe_image_reader.cc(340)] could not read dos header from C:\WINDOWS\System32\combase.dll
[1003/174157.346:ERROR:process_memory_win.cc(73)] ReadMemory at 0x7ffc7d760000 of 64 bytes failed: Only part of a ReadProcessMemory or WriteProcessMemory request was completed. (0x12B)
[1003/174157.346:WARNING:pe_image_reader.cc(340)] could not read dos header from C:\WINDOWS\System32\WINTRUST.dll
[1003/174157.346:ERROR:process_memory_win.cc(73)] ReadMemory at 0x7ffc7d5b0000 of 64 bytes failed: Only part of a ReadProcessMemory or WriteProcessMemory request was completed. (0x12B)
[1003/174157.346:WARNING:pe_image_reader.cc(340)] could not read dos header from C:\WINDOWS\System32\CRYPT32.dll
[1003/174157.346:ERROR:process_memory_win.cc(73)] ReadMemory at 0x7ffc7c480000 of 64 bytes failed: Only part of a ReadProcessMemory or WriteProcessMemory request was completed. (0x12B)
[1003/174157.346:WARNING:pe_image_reader.cc(340)] could not read dos header from C:\WINDOWS\SYSTEM32\IPHLPAPI.DLL
[1003/174157.346:ERROR:process_memory_win.cc(73)] ReadMemory at 0x7ffc72650000 of 64 bytes failed: Only part of a ReadProcessMemory or WriteProcessMemory request was completed. (0x12B)
[1003/174157.346:WARNING:pe_image_reader.cc(340)] could not read dos header from C:\WINDOWS\SYSTEM32\WINMM.dll
[1003/174157.346:ERROR:process_memory_win.cc(73)] ReadMemory at 0x7ffc55b60000 of 64 bytes failed: Only part of a ReadProcessMemory or WriteProcessMemory request was completed. (0x12B)
[1003/174157.346:WARNING:pe_image_reader.cc(340)] could not read dos header from C:\WINDOWS\SYSTEM32\UIAutomationCore.DLL
[1003/174157.346:ERROR:process_memory_win.cc(73)] ReadMemory at 0x7ffc6e4e0000 of 64 bytes failed: Only part of a ReadProcessMemory or WriteProcessMemory request was completed. (0x12B)
[1003/174157.347:WARNING:pe_image_reader.cc(340)] could not read dos header from C:\WINDOWS\SYSTEM32\Secur32.dll
[1003/174157.347:ERROR:process_memory_win.cc(73)] ReadMemory at 0x7ffc7cf20000 of 64 bytes failed: Only part of a ReadProcessMemory or WriteProcessMemory request was completed. (0x12B)
[1003/174157.347:WARNING:pe_image_reader.cc(340)] could not read dos header from C:\WINDOWS\SYSTEM32\USERENV.dll
[1003/174157.347:ERROR:process_memory_win.cc(73)] ReadMemory at 0x7ffc68d60000 of 64 bytes failed: Only part of a ReadProcessMemory or WriteProcessMemory request was completed. (0x12B)
[1003/174157.347:WARNING:pe_image_reader.cc(340)] could not read dos header from C:\WINDOWS\SYSTEM32\DWrite.dll
[1003/174157.347:ERROR:process_memory_win.cc(73)] ReadMemory at 0x7ffc6c890000 of 64 bytes failed: Only part of a ReadProcessMemory or WriteProcessMemory request was completed. (0x12B)
[1003/174157.347:WARNING:pe_image_reader.cc(340)] could not read dos header from C:\WINDOWS\SYSTEM32\WINSPOOL.DRV
[1003/174157.347:ERROR:process_memory_win.cc(73)] ReadMemory at 0x7ffc73820000 of 64 bytes failed: Only part of a ReadProcessMemory or WriteProcessMemory request was completed. (0x12B)
[1003/174157.347:WARNING:pe_image_reader.cc(340)] could not read dos header from C:\WINDOWS\SYSTEM32\dbghelp.dll
[1003/174157.347:ERROR:process_memory_win.cc(73)] ReadMemory at 0x7ffc74740000 of 64 bytes failed: Only part of a ReadProcessMemory or WriteProcessMemory request was completed. (0x12B)
[1003/174157.347:WARNING:pe_image_reader.cc(340)] could not read dos header from C:\WINDOWS\SYSTEM32\WINHTTP.dll
[1003/174157.347:ERROR:process_memory_win.cc(73)] ReadMemory at 0x7ffc75b10000 of 64 bytes failed: Only part of a ReadProcessMemory or WriteProcessMemory request was completed. (0x12B)
[1003/174157.347:WARNING:pe_image_reader.cc(340)] could not read dos header from C:\WINDOWS\SYSTEM32\dhcpcsvc.DLL
[1003/174157.347:ERROR:process_memory_win.cc(73)] ReadMemory at 0x7ffc79800000 of 64 bytes failed: Only part of a ReadProcessMemory or WriteProcessMemory request was completed. (0x12B)
[1003/174157.347:WARNING:pe_image_reader.cc(340)] could not read dos header from C:\WINDOWS\SYSTEM32\PROPSYS.dll
[1003/174157.347:ERROR:process_memory_win.cc(73)] ReadMemory at 0x7ffc7cf50000 of 64 bytes failed: Only part of a ReadProcessMemory or WriteProcessMemory request was completed. (0x12B)
[1003/174157.347:WARNING:pe_image_reader.cc(340)] could not read dos header from C:\WINDOWS\SYSTEM32\SSPICLI.DLL
[1003/174157.347:ERROR:process_memory_win.cc(73)] ReadMemory at 0x7ffc7cb90000 of 64 bytes failed: Only part of a ReadProcessMemory or WriteProcessMemory request was completed. (0x12B)
[1003/174157.347:WARNING:pe_image_reader.cc(340)] could not read dos header from C:\WINDOWS\System32\MSASN1.dll
[1003/174157.347:ERROR:process_memory_win.cc(73)] ReadMemory at 0x7ffc7d530000 of 64 bytes failed: Only part of a ReadProcessMemory or WriteProcessMemory request was completed. (0x12B)
[1003/174157.347:WARNING:pe_image_reader.cc(340)] could not read dos header from C:\WINDOWS\System32\bcryptPrimitives.dll
[1003/174157.347:ERROR:process_memory_win.cc(73)] ReadMemory at 0x7ffc7c980000 of 64 bytes failed: Only part of a ReadProcessMemory or WriteProcessMemory request was completed. (0x12B)
[1003/174157.347:WARNING:pe_image_reader.cc(340)] could not read dos header from C:\WINDOWS\SYSTEM32\CRYPTBASE.DLL
[1003/174157.347:ERROR:process_memory_win.cc(73)] ReadMemory at 0x7ff675c80000 of 64 bytes failed: Only part of a ReadProcessMemory or WriteProcessMemory request was completed. (0x12B)
[1003/174157.348:WARNING:pe_image_reader.cc(340)] could not read dos header from C:\Program Files (x86)\Google\Chrome\Application\chrome.exe
[1003/174157.348:ERROR:process_memory_win.cc(73)] ReadMemory at 0x7ffc7f930000 of 64 bytes failed: Only part of a ReadProcessMemory or WriteProcessMemory request was completed. (0x12B)
[1003/174157.348:WARNING:pe_image_reader.cc(340)] could not read dos header from C:\WINDOWS\SYSTEM32\ntdll.dll
[1003/174157.348:ERROR:process_memory_win.cc(73)] ReadMemory at 0x7ffc7f050000 of 64 bytes failed: Only part of a ReadProcessMemory or WriteProcessMemory request was completed. (0x12B)
[1003/174157.348:WARNING:pe_image_reader.cc(340)] could not read dos header from C:\WINDOWS\System32\KERNEL32.DLL
[1003/174157.348:ERROR:process_memory_win.cc(73)] ReadMemory at 0x7ffc7d120000 of 64 bytes failed: Only part of a ReadProcessMemory or WriteProcessMemory request was completed. (0x12B)
[1003/174157.348:WARNING:pe_image_reader.cc(340)] could not read dos header from C:\WINDOWS\System32\KERNELBASE.dll
[1003/174157.348:ERROR:process_memory_win.cc(73)] ReadMemory at 0x7ffc578b0000 of 64 bytes failed: Only part of a ReadProcessMemory or WriteProcessMemory request was completed. (0x12B)
[1003/174157.348:WARNING:pe_image_reader.cc(340)] could not read dos header from C:\Program Files (x86)\Google\Chrome\Application\85.0.4183.121\chrome_elf.dll
[1003/174157.348:ERROR:process_memory_win.cc(73)] ReadMemory at 0x7ffc70e60000 of 64 bytes failed: Only part of a ReadProcessMemory or WriteProcessMemory request was completed. (0x12B)
[1003/174157.348:WARNING:pe_image_reader.cc(340)] could not read dos header from C:\WINDOWS\SYSTEM32\VERSION.dll
[1003/174157.348:ERROR:process_memory_win.cc(73)] ReadMemory at 0x7ffc7f530000 of 64 bytes failed: Only part of a ReadProcessMemory or WriteProcessMemory request was completed. (0x12B)
[1003/174157.348:WARNING:pe_image_reader.cc(340)] could not read dos header from C:\WINDOWS\System32\msvcrt.dll
[1003/174157.348:ERROR:process_memory_win.cc(73)] ReadMemory at 0x7ffc7f350000 of 64 bytes failed: Only part of a ReadProcessMemory or WriteProcessMemory request was completed. (0x12B)
[1003/174157.348:WARNING:pe_image_reader.cc(340)] could not read dos header from C:\WINDOWS\System32\ADVAPI32.dll
[1003/174157.348:ERROR:process_memory_win.cc(73)] ReadMemory at 0x7ffc7da40000 of 64 bytes failed: Only part of a ReadProcessMemory or WriteProcessMemory request was completed. (0x12B)
[1003/174157.348:WARNING:pe_image_reader.cc(340)] could not read dos header from C:\WINDOWS\System32\sechost.dll
[1003/174157.348:ERROR:process_memory_win.cc(73)] ReadMemory at 0x7ffc7f400000 of 64 bytes failed: Only part of a ReadProcessMemory or WriteProcessMemory request was completed. (0x12B)
[1003/174157.348:WARNING:pe_image_reader.cc(340)] could not read dos header from C:\WINDOWS\System32\RPCRT4.dll
[1003/174157.348:ERROR:process_memory_win.cc(73)] ReadMemory at 0x7ffc2edd0000 of 64 bytes failed: Only part of a ReadProcessMemory or WriteProcessMemory request was completed. (0x12B)
[1003/174157.348:WARNING:pe_image_reader.cc(340)] could not read dos header from C:\Program Files (x86)\Google\Chrome\Application\85.0.4183.121\chrome.dll
[1003/174157.348:ERROR:process_memory_win.cc(73)] ReadMemory at 0x7ffc7f740000 of 64 bytes failed: Only part of a ReadProcessMemory or WriteProcessMemory request was completed. (0x12B)
[1003/174157.348:WARNING:pe_image_reader.cc(340)] could not read dos header from C:\WINDOWS\System32\WS2_32.dll
[1003/174157.348:ERROR:process_memory_win.cc(73)] ReadMemory at 0x7ffc7db00000 of 64 bytes failed: Only part of a ReadProcessMemory or WriteProcessMemory request was completed. (0x12B)
[1003/174157.348:WARNING:pe_image_reader.cc(340)] could not read dos header from C:\WINDOWS\System32\OLEAUT32.dll
[1003/174157.349:ERROR:process_memory_win.cc(73)] ReadMemory at 0x7ffc7d7c0000 of 64 bytes failed: Only part of a ReadProcessMemory or WriteProcessMemory request was completed. (0x12B)
[1003/174157.349:WARNING:pe_image_reader.cc(340)] could not read dos header from C:\WINDOWS\System32\msvcp_win.dll
[1003/174157.349:ERROR:process_memory_win.cc(73)] ReadMemory at 0x7ffc7d890000 of 64 bytes failed: Only part of a ReadProcessMemory or WriteProcessMemory request was completed. (0x12B)
[1003/174157.349:WARNING:pe_image_reader.cc(340)] could not read dos header from C:\WINDOWS\System32\ucrtbase.dll
[1003/174157.349:ERROR:process_memory_win.cc(73)] ReadMemory at 0x7ffc7e880000 of 64 bytes failed: Only part of a ReadProcessMemory or WriteProcessMemory request was completed. (0x12B)
[1003/174157.349:WARNING:pe_image_reader.cc(340)] could not read dos header from C:\WINDOWS\System32\combase.dll
[1003/174157.349:ERROR:process_memory_win.cc(73)] ReadMemory at 0x7ffc7d760000 of 64 bytes failed: Only part of a ReadProcessMemory or WriteProcessMemory request was completed. (0x12B)
[1003/174157.349:WARNING:pe_image_reader.cc(340)] could not read dos header from C:\WINDOWS\System32\WINTRUST.dll
[1003/174157.349:ERROR:process_memory_win.cc(73)] ReadMemory at 0x7ffc7d5b0000 of 64 bytes failed: Only part of a ReadProcessMemory or WriteProcessMemory request was completed. (0x12B)
[1003/174157.349:WARNING:pe_image_reader.cc(340)] could not read dos header from C:\WINDOWS\System32\CRYPT32.dll
[1003/174157.349:ERROR:process_memory_win.cc(73)] ReadMemory at 0x7ffc7c480000 of 64 bytes failed: Only part of a ReadProcessMemory or WriteProcessMemory request was completed. (0x12B)
[1003/174157.349:WARNING:pe_image_reader.cc(340)] could not read dos header from C:\WINDOWS\SYSTEM32\IPHLPAPI.DLL
[1003/174157.349:ERROR:process_memory_win.cc(73)] ReadMemory at 0x7ffc72650000 of 64 bytes failed: Only part of a ReadProcessMemory or WriteProcessMemory request was completed. (0x12B)
[1003/174157.349:WARNING:pe_image_reader.cc(340)] could not read dos header from C:\WINDOWS\SYSTEM32\WINMM.dll
[1003/174157.349:ERROR:process_memory_win.cc(73)] ReadMemory at 0x7ffc55b60000 of 64 bytes failed: Only part of a ReadProcessMemory or WriteProcessMemory request was completed. (0x12B)
[1003/174157.349:WARNING:pe_image_reader.cc(340)] could not read dos header from C:\WINDOWS\SYSTEM32\UIAutomationCore.DLL
[1003/174157.349:ERROR:process_memory_win.cc(73)] ReadMemory at 0x7ffc6e4e0000 of 64 bytes failed: Only part of a ReadProcessMemory or WriteProcessMemory request was completed. (0x12B)
[1003/174157.349:WARNING:pe_image_reader.cc(340)] could not read dos header from C:\WINDOWS\SYSTEM32\Secur32.dll
[1003/174157.349:ERROR:process_memory_win.cc(73)] ReadMemory at 0x7ffc7cf20000 of 64 bytes failed: Only part of a ReadProcessMemory or WriteProcessMemory request was completed. (0x12B)
[1003/174157.349:WARNING:pe_image_reader.cc(340)] could not read dos header from C:\WINDOWS\SYSTEM32\USERENV.dll
[1003/174157.349:ERROR:process_memory_win.cc(73)] ReadMemory at 0x7ffc68d60000 of 64 bytes failed: Only part of a ReadProcessMemory or WriteProcessMemory request was completed. (0x12B)
[1003/174157.349:WARNING:pe_image_reader.cc(340)] could not read dos header from C:\WINDOWS\SYSTEM32\DWrite.dll
[1003/174157.349:ERROR:process_memory_win.cc(73)] ReadMemory at 0x7ffc6c890000 of 64 bytes failed: Only part of a ReadProcessMemory or WriteProcessMemory request was completed. (0x12B)
[1003/174157.349:WARNING:pe_image_reader.cc(340)] could not read dos header from C:\WINDOWS\SYSTEM32\WINSPOOL.DRV
[1003/174157.349:ERROR:process_memory_win.cc(73)] ReadMemory at 0x7ffc73820000 of 64 bytes failed: Only part of a ReadProcessMemory or WriteProcessMemory request was completed. (0x12B)
[1003/174157.349:WARNING:pe_image_reader.cc(340)] could not read dos header from C:\WINDOWS\SYSTEM32\dbghelp.dll
[1003/174157.350:ERROR:process_memory_win.cc(73)] ReadMemory at 0x7ffc74740000 of 64 bytes failed: Only part of a ReadProcessMemory or WriteProcessMemory request was completed. (0x12B)
[1003/174157.350:WARNING:pe_image_reader.cc(340)] could not read dos header from C:\WINDOWS\SYSTEM32\WINHTTP.dll
[1003/174157.350:ERROR:process_memory_win.cc(73)] ReadMemory at 0x7ffc75b10000 of 64 bytes failed: Only part of a ReadProcessMemory or WriteProcessMemory request was completed. (0x12B)
[1003/174157.350:WARNING:pe_image_reader.cc(340)] could not read dos header from C:\WINDOWS\SYSTEM32\dhcpcsvc.DLL
[1003/174157.350:ERROR:process_memory_win.cc(73)] ReadMemory at 0x7ffc79800000 of 64 bytes failed: Only part of a ReadProcessMemory or WriteProcessMemory request was completed. (0x12B)
[1003/174157.350:WARNING:pe_image_reader.cc(340)] could not read dos header from C:\WINDOWS\SYSTEM32\PROPSYS.dll
[1003/174157.350:ERROR:process_memory_win.cc(73)] ReadMemory at 0x7ffc7cf50000 of 64 bytes failed: Only part of a ReadProcessMemory or WriteProcessMemory request was completed. (0x12B)
[1003/174157.350:WARNING:pe_image_reader.cc(340)] could not read dos header from C:\WINDOWS\SYSTEM32\SSPICLI.DLL
[1003/174157.350:ERROR:process_memory_win.cc(73)] ReadMemory at 0x7ffc7cb90000 of 64 bytes failed: Only part of a ReadProcessMemory or WriteProcessMemory request was completed. (0x12B)
[1003/174157.350:WARNING:pe_image_reader.cc(340)] could not read dos header from C:\WINDOWS\System32\MSASN1.dll
[1003/174157.350:ERROR:process_memory_win.cc(73)] ReadMemory at 0x7ffc7d530000 of 64 bytes failed: Only part of a ReadProcessMemory or WriteProcessMemory request was completed. (0x12B)
[1003/174157.350:WARNING:pe_image_reader.cc(340)] could not read dos header from C:\WINDOWS\System32\bcryptPrimitives.dll
[1003/174157.350:ERROR:process_memory_win.cc(73)] ReadMemory at 0x7ffc7c980000 of 64 bytes failed: Only part of a ReadProcessMemory or WriteProcessMemory request was completed. (0x12B)
[1003/174157.350:WARNING:pe_image_reader.cc(340)] could not read dos header from C:\WINDOWS\SYSTEM32\CRYPTBASE.DLL
[1003/174157.393:ERROR:process_memory_win.cc(73)] ReadMemory at 0x7e721f5000 of 45056 bytes failed: Only part of a ReadProcessMemory or WriteProcessMemory request was completed. (0x12B)
[1003/174157.393:ERROR:process_memory_win.cc(73)] ReadMemory at 0x7e729fd000 of 12288 bytes failed: Only part of a ReadProcessMemory or WriteProcessMemory request was completed. (0x12B)
[1003/174157.393:ERROR:process_memory_win.cc(73)] ReadMemory at 0x7e731fd000 of 12288 bytes failed: Only part of a ReadProcessMemory or WriteProcessMemory request was completed. (0x12B)
[1003/174157.393:ERROR:process_memory_win.cc(73)] ReadMemory at 0x7e739fc000 of 16384 bytes failed: Only part of a ReadProcessMemory or WriteProcessMemory request was completed. (0x12B)
[1003/174157.393:ERROR:process_memory_win.cc(73)] ReadMemory at 0x7e741fc000 of 16384 bytes failed: Only part of a ReadProcessMemory or WriteProcessMemory request was completed. (0x12B)
[1003/174157.393:ERROR:process_memory_win.cc(73)] ReadMemory at 0x7e749fe000 of 8192 bytes failed: Only part of a ReadProcessMemory or WriteProcessMemory request was completed. (0x12B)
[1003/174157.393:ERROR:process_memory_win.cc(73)] ReadMemory at 0x7e751fd000 of 12288 bytes failed: Only part of a ReadProcessMemory or WriteProcessMemory request was completed. (0x12B)
[1003/174157.393:ERROR:process_memory_win.cc(73)] ReadMemory at 0x7e759fc000 of 16384 bytes failed: Only part of a ReadProcessMemory or WriteProcessMemory request was completed. (0x12B)
[1003/174157.394:ERROR:process_memory_win.cc(73)] ReadMemory at 0x7e761fd000 of 12288 bytes failed: Only part of a ReadProcessMemory or WriteProcessMemory request was completed. (0x12B)
[1003/174157.394:ERROR:process_memory_win.cc(73)] ReadMemory at 0x7e769fd000 of 12288 bytes failed: Only part of a ReadProcessMemory or WriteProcessMemory request was completed. (0x12B)
[1003/174157.394:ERROR:process_memory_win.cc(73)] ReadMemory at 0x7e771fd000 of 12288 bytes failed: Only part of a ReadProcessMemory or WriteProcessMemory request was completed. (0x12B)
[1003/174157.394:ERROR:process_memory_win.cc(73)] ReadMemory at 0x7e779fd000 of 12288 bytes failed: Only part of a ReadProcessMemory or WriteProcessMemory request was completed. (0x12B)
[1003/174157.394:ERROR:process_memory_win.cc(73)] ReadMemory at 0x7e781fd000 of 12288 bytes failed: Only part of a ReadProcessMemory or WriteProcessMemory request was completed. (0x12B)
[1003/174157.394:ERROR:process_memory_win.cc(73)] ReadMemory at 0x7e789fd000 of 12288 bytes failed: Only part of a ReadProcessMemory or WriteProcessMemory request was completed. (0x12B)
[1003/174157.394:ERROR:process_memory_win.cc(73)] ReadMemory at 0x7e718b8000 of 852 bytes failed: Only part of a ReadProcessMemory or WriteProcessMemory request was completed. (0x12B)
[1003/174157.395:ERROR:process_memory_win.cc(73)] ReadMemory at 0x7e718b9000 of 6024 bytes failed: Only part of a ReadProcessMemory or WriteProcessMemory request was completed. (0x12B)
[1003/174157.395:ERROR:process_memory_win.cc(73)] ReadMemory at 0x7e718bb000 of 6024 bytes failed: Only part of a ReadProcessMemory or WriteProcessMemory request was completed. (0x12B)
[1003/174157.395:ERROR:process_memory_win.cc(73)] ReadMemory at 0x7e718bd000 of 6024 bytes failed: Only part of a ReadProcessMemory or WriteProcessMemory request was completed. (0x12B)
[1003/174157.395:ERROR:process_memory_win.cc(73)] ReadMemory at 0x7e718bf000 of 6024 bytes failed: Only part of a ReadProcessMemory or WriteProcessMemory request was completed. (0x12B)
[1003/174157.395:ERROR:process_memory_win.cc(73)] ReadMemory at 0x7e718c1000 of 6024 bytes failed: Only part of a ReadProcessMemory or WriteProcessMemory request was completed. (0x12B)
[1003/174157.395:ERROR:process_memory_win.cc(73)] ReadMemory at 0x7e718c3000 of 6024 bytes failed: Only part of a ReadProcessMemory or WriteProcessMemory request was completed. (0x12B)
[1003/174157.395:ERROR:process_memory_win.cc(73)] ReadMemory at 0x7e718c5000 of 6024 bytes failed: Only part of a ReadProcessMemory or WriteProcessMemory request was completed. (0x12B)
[1003/174157.395:ERROR:process_memory_win.cc(73)] ReadMemory at 0x7e718c7000 of 6024 bytes failed: Only part of a ReadProcessMemory or WriteProcessMemory request was completed. (0x12B)
[1003/174157.395:ERROR:process_memory_win.cc(73)] ReadMemory at 0x7e718c9000 of 6024 bytes failed: Only part of a ReadProcessMemory or WriteProcessMemory request was completed. (0x12B)
[1003/174157.396:ERROR:process_memory_win.cc(73)] ReadMemory at 0x7e718cb000 of 6024 bytes failed: Only part of a ReadProcessMemory or WriteProcessMemory request was completed. (0x12B)
[1003/174157.396:ERROR:process_memory_win.cc(73)] ReadMemory at 0x7e718cd000 of 6024 bytes failed: Only part of a ReadProcessMemory or WriteProcessMemory request was completed. (0x12B)
[1003/174157.396:ERROR:process_memory_win.cc(73)] ReadMemory at 0x7e718cf000 of 6024 bytes failed: Only part of a ReadProcessMemory or WriteProcessMemory request was completed. (0x12B)
[1003/174157.396:ERROR:process_memory_win.cc(73)] ReadMemory at 0x7e718d1000 of 6024 bytes failed: Only part of a ReadProcessMemory or WriteProcessMemory request was completed. (0x12B)
[1003/174157.396:ERROR:process_memory_win.cc(73)] ReadMemory at 0x7e718d3000 of 6024 bytes failed: Only part of a ReadProcessMemory or WriteProcessMemory request was completed. (0x12B)
[1003/174157.396:ERROR:process_memory_win.cc(73)] ReadMemory at 0x1afa4a50fe0 of 4510 bytes failed: Only part of a ReadProcessMemory or WriteProcessMemory request was completed. (0x12B)
[1003/174157.396:ERROR:process_memory_win.cc(73)] ReadMemory at 0x1afa4a52190 of 1012 bytes failed: Only part of a ReadProcessMemory or WriteProcessMemory request was completed. (0x12B)
[1003/174157.396:ERROR:process_memory_win.cc(73)] ReadMemory at 0x1afa4a527d8 of 118 bytes failed: Only part of a ReadProcessMemory or WriteProcessMemory request was completed. (0x12B)
[1003/174157.396:ERROR:process_memory_win.cc(73)] ReadMemory at 0x1afa4a52850 of 754 bytes failed: Only part of a ReadProcessMemory or WriteProcessMemory request was completed. (0x12B)
[1003/174157.396:ERROR:process_memory_win.cc(73)] ReadMemory at 0x1afa4a52b44 of 118 bytes failed: Only part of a ReadProcessMemory or WriteProcessMemory request was completed. (0x12B)
[1003/174157.397:ERROR:process_memory_win.cc(73)] ReadMemory at 0x1afa4a52bbc of 100 bytes failed: Only part of a ReadProcessMemory or WriteProcessMemory request was completed. (0x12B)
[1003/174157.397:ERROR:process_memory_win.cc(73)] ReadMemory at 0x1afa4a52c30 of 58 bytes failed: Only part of a ReadProcessMemory or WriteProcessMemory request was completed. (0x12B)
[1003/174157.397:ERROR:process_memory_win.cc(73)] ReadMemory at 0x1afa4a52d30 of 132 bytes failed: Only part of a ReadProcessMemory or WriteProcessMemory request was completed. (0x12B)
[1003/174157.397:ERROR:process_memory_win.cc(73)] ReadMemory at 0x1afa4a52ec0 of 132 bytes failed: Only part of a ReadProcessMemory or WriteProcessMemory request was completed. (0x12B)
[1003/174157.397:ERROR:process_memory_win.cc(73)] ReadMemory at 0x1afa4a53080 of 126 bytes failed: Only part of a ReadProcessMemory or WriteProcessMemory request was completed. (0x12B)
[1003/174157.397:ERROR:process_memory_win.cc(73)] ReadMemory at 0x1afa4a53460 of 132 bytes failed: Only part of a ReadProcessMemory or WriteProcessMemory request was completed. (0x12B)
[1003/174157.397:ERROR:process_memory_win.cc(73)] ReadMemory at 0x1afa4a535f0 of 64 bytes failed: Only part of a ReadProcessMemory or WriteProcessMemory request was completed. (0x12B)
[1003/174157.397:ERROR:process_memory_win.cc(73)] ReadMemory at 0x1afa4a537b0 of 132 bytes failed: Only part of a ReadProcessMemory or WriteProcessMemory request was completed. (0x12B)
[1003/174157.397:ERROR:process_memory_win.cc(73)] ReadMemory at 0x1afa4a53a70 of 132 bytes failed: Only part of a ReadProcessMemory or WriteProcessMemory request was completed. (0x12B)
[1003/174157.397:ERROR:process_memory_win.cc(73)] ReadMemory at 0x1afa4a53c00 of 68 bytes failed: Only part of a ReadProcessMemory or WriteProcessMemory request was completed. (0x12B)
[1003/174157.397:ERROR:process_memory_win.cc(73)] ReadMemory at 0x1afa4a54cd0 of 132 bytes failed: Only part of a ReadProcessMemory or WriteProcessMemory request was completed. (0x12B)
[1003/174157.397:ERROR:process_memory_win.cc(73)] ReadMemory at 0x1afa4a54e00 of 154 bytes failed: Only part of a ReadProcessMemory or WriteProcessMemory request was completed. (0x12B)
[1003/174157.397:ERROR:process_memory_win.cc(73)] ReadMemory at 0x1afa4a55cf0 of 62 bytes failed: Only part of a ReadProcessMemory or WriteProcessMemory request was completed. (0x12B)
[1003/174157.398:ERROR:process_memory_win.cc(73)] ReadMemory at 0x1afa4a55e50 of 132 bytes failed: Only part of a ReadProcessMemory or WriteProcessMemory request was completed. (0x12B)
[1003/174157.398:ERROR:process_memory_win.cc(73)] ReadMemory at 0x1afa4a55fe0 of 60 bytes failed: Only part of a ReadProcessMemory or WriteProcessMemory request was completed. (0x12B)
[1003/174157.398:ERROR:process_memory_win.cc(73)] ReadMemory at 0x1afa4a5a4b0 of 60 bytes failed: Only part of a ReadProcessMemory or WriteProcessMemory request was completed. (0x12B)
[1003/174157.398:ERROR:process_memory_win.cc(73)] ReadMemory at 0x1afa4a5dd81 of 512 bytes failed: Only part of a ReadProcessMemory or WriteProcessMemory request was completed. (0x12B)
[1003/174157.398:ERROR:process_memory_win.cc(73)] ReadMemory at 0x1afa4a61460 of 80 bytes failed: Only part of a ReadProcessMemory or WriteProcessMemory request was completed. (0x12B)
[1003/174157.398:ERROR:process_memory_win.cc(73)] ReadMemory at 0x1afa4a63760 of 146 bytes failed: Only part of a ReadProcessMemory or WriteProcessMemory request was completed. (0x12B)
[1003/174157.398:ERROR:process_memory_win.cc(73)] ReadMemory at 0x1afa4a63850 of 132 bytes failed: Only part of a ReadProcessMemory or WriteProcessMemory request was completed. (0x12B)
[1003/174157.398:ERROR:process_memory_win.cc(73)] ReadMemory at 0x1afa4a64550 of 132 bytes failed: Only part of a ReadProcessMemory or WriteProcessMemory request was completed. (0x12B)
[1003/174157.398:ERROR:process_memory_win.cc(73)] ReadMemory at 0x1afa4a64770 of 132 bytes failed: Only part of a ReadProcessMemory or WriteProcessMemory request was completed. (0x12B)
[1003/174157.398:ERROR:process_memory_win.cc(73)] ReadMemory at 0x1afa4a64ac0 of 132 bytes failed: Only part of a ReadProcessMemory or WriteProcessMemory request was completed. (0x12B)
[1003/174157.398:ERROR:process_memory_win.cc(73)] ReadMemory at 0x1afa4a64cd0 of 132 bytes failed: Only part of a ReadProcessMemory or WriteProcessMemory request was completed. (0x12B)
[1003/174157.398:ERROR:process_memory_win.cc(73)] ReadMemory at 0x1afa4a65000 of 132 bytes failed: Only part of a ReadProcessMemory or WriteProcessMemory request was completed. (0x12B)
[1003/174157.398:ERROR:process_memory_win.cc(73)] ReadMemory at 0x1afa4a65130 of 132 bytes failed: Only part of a ReadProcessMemory or WriteProcessMemory request was completed. (0x12B)
[1003/174157.399:ERROR:process_memory_win.cc(73)] ReadMemory at 0x1afa4a65260 of 132 bytes failed: Only part of a ReadProcessMemory or WriteProcessMemory request was completed. (0x12B)
[1003/174157.399:ERROR:process_memory_win.cc(73)] ReadMemory at 0x1afa4a65390 of 132 bytes failed: Only part of a ReadProcessMemory or WriteProcessMemory request was completed. (0x12B)
[1003/174157.399:ERROR:process_memory_win.cc(73)] ReadMemory at 0x1afa4a654c0 of 132 bytes failed: Only part of a ReadProcessMemory or WriteProcessMemory request was completed. (0x12B)
[1003/174157.399:ERROR:process_memory_win.cc(73)] ReadMemory at 0x1afa4a655f0 of 132 bytes failed: Only part of a ReadProcessMemory or WriteProcessMemory request was completed. (0x12B)
[1003/174157.399:ERROR:process_memory_win.cc(73)] ReadMemory at 0x1afa4a65720 of 132 bytes failed: Only part of a ReadProcessMemory or WriteProcessMemory request was completed. (0x12B)
[1003/174157.399:ERROR:process_memory_win.cc(73)] ReadMemory at 0x1afa4a65850 of 132 bytes failed: Only part of a ReadProcessMemory or WriteProcessMemory request was completed. (0x12B)
[1003/174157.399:ERROR:process_memory_win.cc(73)] ReadMemory at 0x1afa4a65980 of 132 bytes failed: Only part of a ReadProcessMemory or WriteProcessMemory request was completed. (0x12B)
[1003/174157.399:ERROR:process_memory_win.cc(73)] ReadMemory at 0x1afa4a65ab0 of 132 bytes failed: Only part of a ReadProcessMemory or WriteProcessMemory request was completed. (0x12B)
[1003/174157.399:ERROR:process_memory_win.cc(73)] ReadMemory at 0x1afa4a65be0 of 132 bytes failed: Only part of a ReadProcessMemory or WriteProcessMemory request was completed. (0x12B)
[1003/174157.399:ERROR:process_memory_win.cc(73)] ReadMemory at 0x1afa4a65d10 of 132 bytes failed: Only part of a ReadProcessMemory or WriteProcessMemory request was completed. (0x12B)
[1003/174157.399:ERROR:process_memory_win.cc(73)] ReadMemory at 0x1afa4a65e40 of 132 bytes failed: Only part of a ReadProcessMemory or WriteProcessMemory request was completed. (0x12B)
[1003/174157.399:ERROR:process_memory_win.cc(73)] ReadMemory at 0x1afa4a67b80 of 132 bytes failed: Only part of a ReadProcessMemory or WriteProcessMemory request was completed. (0x12B)
[1003/174157.399:ERROR:process_memory_win.cc(73)] ReadMemory at 0x1afa4a67ed0 of 132 bytes failed: Only part of a ReadProcessMemory or WriteProcessMemory request was completed. (0x12B)
[1003/174157.400:ERROR:process_memory_win.cc(73)] ReadMemory at 0x1afa4a68560 of 132 bytes failed: Only part of a ReadProcessMemory or WriteProcessMemory request was completed. (0x12B)
[1003/174157.400:ERROR:process_memory_win.cc(73)] ReadMemory at 0x1afa4a68770 of 132 bytes failed: Only part of a ReadProcessMemory or WriteProcessMemory request was completed. (0x12B)
[1003/174157.400:ERROR:process_memory_win.cc(73)] ReadMemory at 0x1afa4a6a4a0 of 80 bytes failed: Only part of a ReadProcessMemory or WriteProcessMemory request was completed. (0x12B)
[1003/174157.400:ERROR:process_memory_win.cc(73)] ReadMemory at 0x1afa4a6b3f0 of 64 bytes failed: Only part of a ReadProcessMemory or WriteProcessMemory request was completed. (0x12B)
[1003/174157.400:ERROR:process_memory_win.cc(73)] ReadMemory at 0x1afa4a6b4e0 of 60 bytes failed: Only part of a ReadProcessMemory or WriteProcessMemory request was completed. (0x12B)
[1003/174157.400:ERROR:process_memory_win.cc(73)] ReadMemory at 0x1afa4a6b530 of 62 bytes failed: Only part of a ReadProcessMemory or WriteProcessMemory request was completed. (0x12B)
[1003/174157.400:ERROR:process_memory_win.cc(73)] ReadMemory at 0x1afa4a6b580 of 62 bytes failed: Only part of a ReadProcessMemory or WriteProcessMemory request was completed. (0x12B)
[1003/174157.400:ERROR:process_memory_win.cc(73)] ReadMemory at 0x1afa4a6b670 of 64 bytes failed: Only part of a ReadProcessMemory or WriteProcessMemory request was completed. (0x12B)
[1003/174157.400:ERROR:process_memory_win.cc(73)] ReadMemory at 0x1afa4a6b6c0 of 62 bytes failed: Only part of a ReadProcessMemory or WriteProcessMemory request was completed. (0x12B)
[1003/174157.400:ERROR:process_memory_win.cc(73)] ReadMemory at 0x1afa4a6b800 of 64 bytes failed: Only part of a ReadProcessMemory or WriteProcessMemory request was completed. (0x12B)
[1003/174157.400:ERROR:process_memory_win.cc(73)] ReadMemory at 0x1afa4a6b850 of 66 bytes failed: Only part of a ReadProcessMemory or WriteProcessMemory request was completed. (0x12B)
[1003/174157.400:ERROR:process_memory_win.cc(73)] ReadMemory at 0x1afa4a6b9e0 of 62 bytes failed: Only part of a ReadProcessMemory or WriteProcessMemory request was completed. (0x12B)
[1003/174157.400:ERROR:process_memory_win.cc(73)] ReadMemory at 0x1afa4a6ba80 of 64 bytes failed: Only part of a ReadProcessMemory or WriteProcessMemory request was completed. (0x12B)
[1003/174157.401:ERROR:process_memory_win.cc(73)] ReadMemory at 0x1afa4a6bad0 of 64 bytes failed: Only part of a ReadProcessMemory or WriteProcessMemory request was completed. (0x12B)
[1003/174157.401:ERROR:process_memory_win.cc(73)] ReadMemory at 0x1afa4a6bb20 of 62 bytes failed: Only part of a ReadProcessMemory or WriteProcessMemory request was completed. (0x12B)
[1003/174157.401:ERROR:process_memory_win.cc(73)] ReadMemory at 0x1afa4a6bb70 of 58 bytes failed: Only part of a ReadProcessMemory or WriteProcessMemory request was completed. (0x12B)
[1003/174157.401:ERROR:process_memory_win.cc(73)] ReadMemory at 0x1afa4a6bc60 of 64 bytes failed: Only part of a ReadProcessMemory or WriteProcessMemory request was completed. (0x12B)
[1003/174157.401:ERROR:process_memory_win.cc(73)] ReadMemory at 0x1afa4a6bcb0 of 62 bytes failed: Only part of a ReadProcessMemory or WriteProcessMemory request was completed. (0x12B)
[1003/174157.401:ERROR:process_memory_win.cc(73)] ReadMemory at 0x1afa4a6bd00 of 62 bytes failed: Only part of a ReadProcessMemory or WriteProcessMemory request was completed. (0x12B)
[1003/174157.401:ERROR:process_memory_win.cc(73)] ReadMemory at 0x1afa4a6bdf0 of 60 bytes failed: Only part of a ReadProcessMemory or WriteProcessMemory request was completed. (0x12B)
[1003/174157.401:ERROR:process_memory_win.cc(73)] ReadMemory at 0x1afa4a6be40 of 62 bytes failed: Only part of a ReadProcessMemory or WriteProcessMemory request was completed. (0x12B)
[1003/174157.401:ERROR:process_memory_win.cc(73)] ReadMemory at 0x1afa4a6be90 of 64 bytes failed: Only part of a ReadProcessMemory or WriteProcessMemory request was completed. (0x12B)
[1003/174158.441:ERROR:process_memory_win.cc(73)] ReadMemory at 0x1afa4a6c020 of 62 bytes failed: Only part of a ReadProcessMemory or WriteProcessMemory request was completed. (0x12B)
[1003/174158.441:ERROR:process_memory_win.cc(73)] ReadMemory at 0x1afa4a6c2a0 of 60 bytes failed: Only part of a ReadProcessMemory or WriteProcessMemory request was completed. (0x12B)
[1003/174158.441:ERROR:process_memory_win.cc(73)] ReadMemory at 0x1afa4a71aa0 of 132 bytes failed: Only part of a ReadProcessMemory or WriteProcessMemory request was completed. (0x12B)
[1003/174158.441:ERROR:process_memory_win.cc(73)] ReadMemory at 0x1afa4a71f60 of 132 bytes failed: Only part of a ReadProcessMemory or WriteProcessMemory request was completed. (0x12B)
[1003/174158.442:ERROR:process_memory_win.cc(73)] ReadMemory at 0x1afa4a72090 of 132 bytes failed: Only part of a ReadProcessMemory or WriteProcessMemory request was completed. (0x12B)
[1003/174158.442:ERROR:process_memory_win.cc(73)] ReadMemory at 0x1afa4a9c230 of 512 bytes failed: Only part of a ReadProcessMemory or WriteProcessMemory request was completed. (0x12B)
[1003/174158.442:ERROR:process_memory_win.cc(73)] ReadMemory at 0x1afa4ab9d60 of 512 bytes failed: Only part of a ReadProcessMemory or WriteProcessMemory request was completed. (0x12B)
[1003/174158.442:ERROR:process_memory_win.cc(73)] ReadMemory at 0x1afa4abace0 of 512 bytes failed: Only part of a ReadProcessMemory or WriteProcessMemory request was completed. (0x12B)
[1003/174158.442:ERROR:process_memory_win.cc(73)] ReadMemory at 0x1afa4ace580 of 512 bytes failed: Only part of a ReadProcessMemory or WriteProcessMemory request was completed. (0x12B)
[1003/174158.442:ERROR:process_memory_win.cc(73)] ReadMemory at 0x1afa4ae1670 of 512 bytes failed: Only part of a ReadProcessMemory or WriteProcessMemory request was completed. (0x12B)
[1003/174158.442:ERROR:process_memory_win.cc(73)] ReadMemory at 0x1afa4afb090 of 512 bytes failed: Only part of a ReadProcessMemory or WriteProcessMemory request was completed. (0x12B)
[1003/174158.443:ERROR:process_memory_win.cc(73)] ReadMemory at 0x1afa4afe480 of 512 bytes failed: Only part of a ReadProcessMemory or WriteProcessMemory request was completed. (0x12B)
[1003/174158.443:ERROR:process_memory_win.cc(73)] ReadMemory at 0x1afa4b0dca0 of 712 bytes failed: Only part of a ReadProcessMemory or WriteProcessMemory request was completed. (0x12B)
[1003/174158.443:ERROR:process_memory_win.cc(73)] ReadMemory at 0x1afa4b37980 of 512 bytes failed: Only part of a ReadProcessMemory or WriteProcessMemory request was completed. (0x12B)
[1003/174158.443:ERROR:process_memory_win.cc(73)] ReadMemory at 0x1afa4b38080 of 512 bytes failed: Only part of a ReadProcessMemory or WriteProcessMemory request was completed. (0x12B)
[1003/174158.443:ERROR:process_memory_win.cc(73)] ReadMemory at 0x1afa4b81e40 of 512 bytes failed: Only part of a ReadProcessMemory or WriteProcessMemory request was completed. (0x12B)
[1003/174158.443:ERROR:process_memory_win.cc(73)] ReadMemory at 0x1afa65376a0 of 512 bytes failed: Only part of a ReadProcessMemory or WriteProcessMemory request was completed. (0x12B)
[1003/174158.444:ERROR:process_memory_win.cc(73)] ReadMemory at 0x1afa6543010 of 512 bytes failed: Only part of a ReadProcessMemory or WriteProcessMemory request was completed. (0x12B)
[1003/174158.444:ERROR:process_memory_win.cc(73)] ReadMemory at 0x1afa68cffc0 of 512 bytes failed: Only part of a ReadProcessMemory or WriteProcessMemory request was completed. (0x12B)
[1003/174158.444:ERROR:process_memory_win.cc(73)] ReadMemory at 0x3909ffe95368 of 512 bytes failed: Only part of a ReadProcessMemory or WriteProcessMemory request was completed. (0x12B)
[1003/174158.444:ERROR:process_memory_win.cc(73)] ReadMemory at 0x7ffc31afeabd of 512 bytes failed: Only part of a ReadProcessMemory or WriteProcessMemory request was completed. (0x12B)
[1003/174158.444:ERROR:process_memory_win.cc(73)] ReadMemory at 0x7ffc32d074b3 of 512 bytes failed: Only part of a ReadProcessMemory or WriteProcessMemory request was completed. (0x12B)
[1003/174158.444:ERROR:process_memory_win.cc(73)] ReadMemory at 0x7ffc367f7d9e of 512 bytes failed: Only part of a ReadProcessMemory or WriteProcessMemory request was completed. (0x12B)
[1003/174158.444:ERROR:process_memory_win.cc(73)] ReadMemory at 0x7ffc37729f50 of 512 bytes failed: Only part of a ReadProcessMemory or WriteProcessMemory request was completed. (0x12B)
[1003/174158.445:ERROR:process_memory_win.cc(73)] ReadMemory at 0x7ffc7d3ac758 of 512 bytes failed: Only part of a ReadProcessMemory or WriteProcessMemory request was completed. (0x12B)
[1003/174158.445:ERROR:process_memory_win.cc(73)] ReadMemory at 0x7ffc7f0749f0 of 512 bytes failed: Only part of a ReadProcessMemory or WriteProcessMemory request was completed. (0x12B)
[1003/174158.445:ERROR:process_memory_win.cc(73)] ReadMemory at 0x7ffc7f9cbdc4 of 672 bytes failed: Only part of a ReadProcessMemory or WriteProcessMemory request was completed. (0x12B)
[1003/174158.445:ERROR:process_memory_win.cc(73)] ReadMemory at 0x7ffc7f9cc3c4 of 512 bytes failed: Only part of a ReadProcessMemory or WriteProcessMemory request was completed. (0x12B)
[1003/174158.445:ERROR:process_memory_win.cc(73)] ReadMemory at 0x7ffc7f9cf734 of 608 bytes failed: Only part of a ReadProcessMemory or WriteProcessMemory request was completed. (0x12B)
[1003/174158.445:ERROR:process_memory_win.cc(73)] ReadMemory at 0x7ffc7fa606e0 of 18 bytes failed: Only part of a ReadProcessMemory or WriteProcessMemory request was completed. (0x12B)
[1003/174158.445:ERROR:process_memory_win.cc(73)] ReadMemory at 0x7ffc7fa944f8 of 40 bytes failed: Only part of a ReadProcessMemory or WriteProcessMemory request was completed. (0x12B)
[1003/174158.445:ERROR:process_memory_win.cc(73)] ReadMemory at 0x7ffc7fa94978 of 48 bytes failed: Only part of a ReadProcessMemory or WriteProcessMemory request was completed. (0x12B)
[1003/174158.445:ERROR:process_memory_win.cc(73)] ReadMemory at 0x7ffc7fa9a4c0 of 64 bytes failed: Only part of a ReadProcessMemory or WriteProcessMemory request was completed. (0x12B)
[1003/174158.447:ERROR:scoped_process_suspend.cc(40)] NtResumeProcess: An attempt was made to access an exiting process. (0xc000010a)
